2024-12-21T16:50:40.620Z error: TypeError: Cannot destructure property 'body' of '(intermediate value)(intermediate value)(intermediate value)' as it is undefined.
    at BotController.<anonymous> (/home/node/app/src/presentation/whatsapp/bot.controller.ts:83:19)
    at Generator.next (<anonymous>)
    at /home/node/app/src/presentation/whatsapp/bot.controller.ts:8:71
    at new Promise (<anonymous>)
    at __awaiter (/home/node/app/src/presentation/whatsapp/bot.controller.ts:4:12)
    at BotController.webhook (/home/node/app/src/presentation/whatsapp/bot.controller.ts:12:51)
    at Layer.handle [as handle_request] (/home/node/app/node_modules/express/lib/router/layer.js:95:5)
    at next (/home/node/app/node_modules/express/lib/router/route.js:149:13)
    at Route.dispatch (/home/node/app/node_modules/express/lib/router/route.js:119:3)
    at Layer.handle [as handle_request] (/home/node/app/node_modules/express/lib/router/layer.js:95:5)
2024-12-21T16:51:24.444Z error: TypeError: Cannot destructure property 'body' of '(intermediate value)(intermediate value)(intermediate value)' as it is undefined.
    at BotController.<anonymous> (/home/node/app/src/presentation/whatsapp/bot.controller.ts:83:19)
    at Generator.next (<anonymous>)
    at /home/node/app/src/presentation/whatsapp/bot.controller.ts:8:71
    at new Promise (<anonymous>)
    at __awaiter (/home/node/app/src/presentation/whatsapp/bot.controller.ts:4:12)
    at BotController.webhook (/home/node/app/src/presentation/whatsapp/bot.controller.ts:12:51)
    at Layer.handle [as handle_request] (/home/node/app/node_modules/express/lib/router/layer.js:95:5)
    at next (/home/node/app/node_modules/express/lib/router/route.js:149:13)
    at Route.dispatch (/home/node/app/node_modules/express/lib/router/route.js:119:3)
    at Layer.handle [as handle_request] (/home/node/app/node_modules/express/lib/router/layer.js:95:5)
2024-12-21T18:57:06.863Z error: TypeError: Cannot destructure property 'body' of '(intermediate value)(intermediate value)(intermediate value)' as it is undefined.
    at BotController.<anonymous> (/home/node/app/src/presentation/whatsapp/bot.controller.ts:45:17)
    at Generator.next (<anonymous>)
    at /home/node/app/src/presentation/whatsapp/bot.controller.ts:8:71
    at new Promise (<anonymous>)
    at __awaiter (/home/node/app/src/presentation/whatsapp/bot.controller.ts:4:12)
    at BotController.webhook (/home/node/app/src/presentation/whatsapp/bot.controller.ts:12:51)
    at Layer.handle [as handle_request] (/home/node/app/node_modules/express/lib/router/layer.js:95:5)
    at next (/home/node/app/node_modules/express/lib/router/route.js:149:13)
    at Route.dispatch (/home/node/app/node_modules/express/lib/router/route.js:119:3)
    at Layer.handle [as handle_request] (/home/node/app/node_modules/express/lib/router/layer.js:95:5)
2024-12-21T20:22:18.232Z error: TypeError: Cannot destructure property 'body' of '(intermediate value)(intermediate value)(intermediate value)' as it is undefined.
    at BotController.<anonymous> (/home/node/app/src/presentation/whatsapp/bot.controller.ts:45:17)
    at Generator.next (<anonymous>)
    at /home/node/app/src/presentation/whatsapp/bot.controller.ts:8:71
    at new Promise (<anonymous>)
    at __awaiter (/home/node/app/src/presentation/whatsapp/bot.controller.ts:4:12)
    at BotController.webhook (/home/node/app/src/presentation/whatsapp/bot.controller.ts:12:51)
    at Layer.handle [as handle_request] (/home/node/app/node_modules/express/lib/router/layer.js:95:5)
    at next (/home/node/app/node_modules/express/lib/router/route.js:149:13)
    at Route.dispatch (/home/node/app/node_modules/express/lib/router/route.js:119:3)
    at Layer.handle [as handle_request] (/home/node/app/node_modules/express/lib/router/layer.js:95:5)
2024-12-21T20:22:18.725Z error: TypeError: Cannot destructure property 'body' of '(intermediate value)(intermediate value)(intermediate value)' as it is undefined.
    at BotController.<anonymous> (/home/node/app/src/presentation/whatsapp/bot.controller.ts:45:17)
    at Generator.next (<anonymous>)
    at /home/node/app/src/presentation/whatsapp/bot.controller.ts:8:71
    at new Promise (<anonymous>)
    at __awaiter (/home/node/app/src/presentation/whatsapp/bot.controller.ts:4:12)
    at BotController.webhook (/home/node/app/src/presentation/whatsapp/bot.controller.ts:12:51)
    at Layer.handle [as handle_request] (/home/node/app/node_modules/express/lib/router/layer.js:95:5)
    at next (/home/node/app/node_modules/express/lib/router/route.js:149:13)
    at Route.dispatch (/home/node/app/node_modules/express/lib/router/route.js:119:3)
    at Layer.handle [as handle_request] (/home/node/app/node_modules/express/lib/router/layer.js:95:5)
2024-12-21T20:22:20.536Z error: TypeError: Cannot destructure property 'body' of '(intermediate value)(intermediate value)(intermediate value)' as it is undefined.
    at BotController.<anonymous> (/home/node/app/src/presentation/whatsapp/bot.controller.ts:45:17)
    at Generator.next (<anonymous>)
    at /home/node/app/src/presentation/whatsapp/bot.controller.ts:8:71
    at new Promise (<anonymous>)
    at __awaiter (/home/node/app/src/presentation/whatsapp/bot.controller.ts:4:12)
    at BotController.webhook (/home/node/app/src/presentation/whatsapp/bot.controller.ts:12:51)
    at Layer.handle [as handle_request] (/home/node/app/node_modules/express/lib/router/layer.js:95:5)
    at next (/home/node/app/node_modules/express/lib/router/route.js:149:13)
    at Route.dispatch (/home/node/app/node_modules/express/lib/router/route.js:119:3)
    at Layer.handle [as handle_request] (/home/node/app/node_modules/express/lib/router/layer.js:95:5)
2024-12-21T20:22:45.451Z error: TypeError: Cannot destructure property 'body' of '(intermediate value)(intermediate value)(intermediate value)' as it is undefined.
    at BotController.<anonymous> (/home/node/app/src/presentation/whatsapp/bot.controller.ts:45:17)
    at Generator.next (<anonymous>)
    at /home/node/app/src/presentation/whatsapp/bot.controller.ts:8:71
    at new Promise (<anonymous>)
    at __awaiter (/home/node/app/src/presentation/whatsapp/bot.controller.ts:4:12)
    at BotController.webhook (/home/node/app/src/presentation/whatsapp/bot.controller.ts:12:51)
    at Layer.handle [as handle_request] (/home/node/app/node_modules/express/lib/router/layer.js:95:5)
    at next (/home/node/app/node_modules/express/lib/router/route.js:149:13)
    at Route.dispatch (/home/node/app/node_modules/express/lib/router/route.js:119:3)
    at Layer.handle [as handle_request] (/home/node/app/node_modules/express/lib/router/layer.js:95:5)
2024-12-21T20:29:03.321Z error: TypeError: Cannot destructure property 'body' of '(intermediate value)(intermediate value)(intermediate value)' as it is undefined.
    at BotController.<anonymous> (/home/node/app/src/presentation/whatsapp/bot.controller.ts:45:17)
    at Generator.next (<anonymous>)
    at /home/node/app/src/presentation/whatsapp/bot.controller.ts:8:71
    at new Promise (<anonymous>)
    at __awaiter (/home/node/app/src/presentation/whatsapp/bot.controller.ts:4:12)
    at BotController.webhook (/home/node/app/src/presentation/whatsapp/bot.controller.ts:12:51)
    at Layer.handle [as handle_request] (/home/node/app/node_modules/express/lib/router/layer.js:95:5)
    at next (/home/node/app/node_modules/express/lib/router/route.js:149:13)
    at Route.dispatch (/home/node/app/node_modules/express/lib/router/route.js:119:3)
    at Layer.handle [as handle_request] (/home/node/app/node_modules/express/lib/router/layer.js:95:5)
2024-12-21T21:56:01.663Z error: TypeError: Cannot destructure property 'body' of '(intermediate value)(intermediate value)(intermediate value)' as it is undefined.
    at BotController.<anonymous> (/home/node/app/src/presentation/whatsapp/bot.controller.ts:45:17)
    at Generator.next (<anonymous>)
    at /home/node/app/src/presentation/whatsapp/bot.controller.ts:8:71
    at new Promise (<anonymous>)
    at __awaiter (/home/node/app/src/presentation/whatsapp/bot.controller.ts:4:12)
    at BotController.webhook (/home/node/app/src/presentation/whatsapp/bot.controller.ts:12:51)
    at Layer.handle [as handle_request] (/home/node/app/node_modules/express/lib/router/layer.js:95:5)
    at next (/home/node/app/node_modules/express/lib/router/route.js:149:13)
    at Route.dispatch (/home/node/app/node_modules/express/lib/router/route.js:119:3)
    at Layer.handle [as handle_request] (/home/node/app/node_modules/express/lib/router/layer.js:95:5)
2024-12-21T21:56:02.092Z error: TypeError: Cannot destructure property 'body' of '(intermediate value)(intermediate value)(intermediate value)' as it is undefined.
    at BotController.<anonymous> (/home/node/app/src/presentation/whatsapp/bot.controller.ts:45:17)
    at Generator.next (<anonymous>)
    at /home/node/app/src/presentation/whatsapp/bot.controller.ts:8:71
    at new Promise (<anonymous>)
    at __awaiter (/home/node/app/src/presentation/whatsapp/bot.controller.ts:4:12)
    at BotController.webhook (/home/node/app/src/presentation/whatsapp/bot.controller.ts:12:51)
    at Layer.handle [as handle_request] (/home/node/app/node_modules/express/lib/router/layer.js:95:5)
    at next (/home/node/app/node_modules/express/lib/router/route.js:149:13)
    at Route.dispatch (/home/node/app/node_modules/express/lib/router/route.js:119:3)
    at Layer.handle [as handle_request] (/home/node/app/node_modules/express/lib/router/layer.js:95:5)
2024-12-21T21:56:04.033Z error: TypeError: Cannot destructure property 'body' of '(intermediate value)(intermediate value)(intermediate value)' as it is undefined.
    at BotController.<anonymous> (/home/node/app/src/presentation/whatsapp/bot.controller.ts:45:17)
    at Generator.next (<anonymous>)
    at /home/node/app/src/presentation/whatsapp/bot.controller.ts:8:71
    at new Promise (<anonymous>)
    at __awaiter (/home/node/app/src/presentation/whatsapp/bot.controller.ts:4:12)
    at BotController.webhook (/home/node/app/src/presentation/whatsapp/bot.controller.ts:12:51)
    at Layer.handle [as handle_request] (/home/node/app/node_modules/express/lib/router/layer.js:95:5)
    at next (/home/node/app/node_modules/express/lib/router/route.js:149:13)
    at Route.dispatch (/home/node/app/node_modules/express/lib/router/route.js:119:3)
    at Layer.handle [as handle_request] (/home/node/app/node_modules/express/lib/router/layer.js:95:5)
2024-12-21T21:56:30.940Z error: TypeError: Cannot destructure property 'body' of '(intermediate value)(intermediate value)(intermediate value)' as it is undefined.
    at BotController.<anonymous> (/home/node/app/src/presentation/whatsapp/bot.controller.ts:45:17)
    at Generator.next (<anonymous>)
    at /home/node/app/src/presentation/whatsapp/bot.controller.ts:8:71
    at new Promise (<anonymous>)
    at __awaiter (/home/node/app/src/presentation/whatsapp/bot.controller.ts:4:12)
    at BotController.webhook (/home/node/app/src/presentation/whatsapp/bot.controller.ts:12:51)
    at Layer.handle [as handle_request] (/home/node/app/node_modules/express/lib/router/layer.js:95:5)
    at next (/home/node/app/node_modules/express/lib/router/route.js:149:13)
    at Route.dispatch (/home/node/app/node_modules/express/lib/router/route.js:119:3)
    at Layer.handle [as handle_request] (/home/node/app/node_modules/express/lib/router/layer.js:95:5)
2024-12-21T22:02:45.848Z error: Porq yo pagué la de nobiembre
2024-12-23T22:15:07.049Z error: TypeError: Cannot destructure property 'body' of '(intermediate value)(intermediate value)(intermediate value)' as it is undefined.
    at BotController.<anonymous> (/home/node/app/src/presentation/whatsapp/bot.controller.ts:45:17)
    at Generator.next (<anonymous>)
    at /home/node/app/src/presentation/whatsapp/bot.controller.ts:8:71
    at new Promise (<anonymous>)
    at __awaiter (/home/node/app/src/presentation/whatsapp/bot.controller.ts:4:12)
    at BotController.webhook (/home/node/app/src/presentation/whatsapp/bot.controller.ts:12:51)
    at Layer.handle [as handle_request] (/home/node/app/node_modules/express/lib/router/layer.js:95:5)
    at next (/home/node/app/node_modules/express/lib/router/route.js:149:13)
    at Route.dispatch (/home/node/app/node_modules/express/lib/router/route.js:119:3)
    at Layer.handle [as handle_request] (/home/node/app/node_modules/express/lib/router/layer.js:95:5)
2024-12-24T02:50:39.442Z error: TypeError: Cannot destructure property 'body' of '(intermediate value)(intermediate value)(intermediate value)' as it is undefined.
    at BotController.<anonymous> (/home/node/app/src/presentation/whatsapp/bot.controller.ts:45:17)
    at Generator.next (<anonymous>)
    at /home/node/app/src/presentation/whatsapp/bot.controller.ts:8:71
    at new Promise (<anonymous>)
    at __awaiter (/home/node/app/src/presentation/whatsapp/bot.controller.ts:4:12)
    at BotController.webhook (/home/node/app/src/presentation/whatsapp/bot.controller.ts:12:51)
    at Layer.handle [as handle_request] (/home/node/app/node_modules/express/lib/router/layer.js:95:5)
    at next (/home/node/app/node_modules/express/lib/router/route.js:149:13)
    at Route.dispatch (/home/node/app/node_modules/express/lib/router/route.js:119:3)
    at Layer.handle [as handle_request] (/home/node/app/node_modules/express/lib/router/layer.js:95:5)
2024-12-25T03:42:33.787Z error: Hola Buenas Noches s
2024-12-26T22:21:39.987Z error: necesito ayuda para realizar el pago gracias
2024-12-27T16:26:20.124Z error: TypeError: Cannot destructure property 'body' of '(intermediate value)(intermediate value)(intermediate value)' as it is undefined.
    at BotController.<anonymous> (/home/node/app/src/presentation/whatsapp/bot.controller.ts:83:19)
    at Generator.next (<anonymous>)
    at /home/node/app/src/presentation/whatsapp/bot.controller.ts:8:71
    at new Promise (<anonymous>)
    at __awaiter (/home/node/app/src/presentation/whatsapp/bot.controller.ts:4:12)
    at BotController.webhook (/home/node/app/src/presentation/whatsapp/bot.controller.ts:12:51)
    at Layer.handle [as handle_request] (/home/node/app/node_modules/express/lib/router/layer.js:95:5)
    at next (/home/node/app/node_modules/express/lib/router/route.js:149:13)
    at Route.dispatch (/home/node/app/node_modules/express/lib/router/route.js:119:3)
    at Layer.handle [as handle_request] (/home/node/app/node_modules/express/lib/router/layer.js:95:5)
2024-12-27T16:26:20.647Z error: TypeError: Cannot destructure property 'body' of '(intermediate value)(intermediate value)(intermediate value)' as it is undefined.
    at BotController.<anonymous> (/home/node/app/src/presentation/whatsapp/bot.controller.ts:83:19)
    at Generator.next (<anonymous>)
    at /home/node/app/src/presentation/whatsapp/bot.controller.ts:8:71
    at new Promise (<anonymous>)
    at __awaiter (/home/node/app/src/presentation/whatsapp/bot.controller.ts:4:12)
    at BotController.webhook (/home/node/app/src/presentation/whatsapp/bot.controller.ts:12:51)
    at Layer.handle [as handle_request] (/home/node/app/node_modules/express/lib/router/layer.js:95:5)
    at next (/home/node/app/node_modules/express/lib/router/route.js:149:13)
    at Route.dispatch (/home/node/app/node_modules/express/lib/router/route.js:119:3)
    at Layer.handle [as handle_request] (/home/node/app/node_modules/express/lib/router/layer.js:95:5)
2024-12-27T16:26:22.589Z error: TypeError: Cannot destructure property 'body' of '(intermediate value)(intermediate value)(intermediate value)' as it is undefined.
    at BotController.<anonymous> (/home/node/app/src/presentation/whatsapp/bot.controller.ts:83:19)
    at Generator.next (<anonymous>)
    at /home/node/app/src/presentation/whatsapp/bot.controller.ts:8:71
    at new Promise (<anonymous>)
    at __awaiter (/home/node/app/src/presentation/whatsapp/bot.controller.ts:4:12)
    at BotController.webhook (/home/node/app/src/presentation/whatsapp/bot.controller.ts:12:51)
    at Layer.handle [as handle_request] (/home/node/app/node_modules/express/lib/router/layer.js:95:5)
    at next (/home/node/app/node_modules/express/lib/router/route.js:149:13)
    at Route.dispatch (/home/node/app/node_modules/express/lib/router/route.js:119:3)
    at Layer.handle [as handle_request] (/home/node/app/node_modules/express/lib/router/layer.js:95:5)
2024-12-27T16:26:46.839Z error: TypeError: Cannot destructure property 'body' of '(intermediate value)(intermediate value)(intermediate value)' as it is undefined.
    at BotController.<anonymous> (/home/node/app/src/presentation/whatsapp/bot.controller.ts:83:19)
    at Generator.next (<anonymous>)
    at /home/node/app/src/presentation/whatsapp/bot.controller.ts:8:71
    at new Promise (<anonymous>)
    at __awaiter (/home/node/app/src/presentation/whatsapp/bot.controller.ts:4:12)
    at BotController.webhook (/home/node/app/src/presentation/whatsapp/bot.controller.ts:12:51)
    at Layer.handle [as handle_request] (/home/node/app/node_modules/express/lib/router/layer.js:95:5)
    at next (/home/node/app/node_modules/express/lib/router/route.js:149:13)
    at Route.dispatch (/home/node/app/node_modules/express/lib/router/route.js:119:3)
    at Layer.handle [as handle_request] (/home/node/app/node_modules/express/lib/router/layer.js:95:5)
2024-12-27T16:32:41.170Z error: TypeError: Cannot destructure property 'body' of '(intermediate value)(intermediate value)(intermediate value)' as it is undefined.
    at BotController.<anonymous> (/home/node/app/src/presentation/whatsapp/bot.controller.ts:83:19)
    at Generator.next (<anonymous>)
    at /home/node/app/src/presentation/whatsapp/bot.controller.ts:8:71
    at new Promise (<anonymous>)
    at __awaiter (/home/node/app/src/presentation/whatsapp/bot.controller.ts:4:12)
    at BotController.webhook (/home/node/app/src/presentation/whatsapp/bot.controller.ts:12:51)
    at Layer.handle [as handle_request] (/home/node/app/node_modules/express/lib/router/layer.js:95:5)
    at next (/home/node/app/node_modules/express/lib/router/route.js:149:13)
    at Route.dispatch (/home/node/app/node_modules/express/lib/router/route.js:119:3)
    at Layer.handle [as handle_request] (/home/node/app/node_modules/express/lib/router/layer.js:95:5)
2024-12-27T16:47:34.145Z error: TypeError: Cannot destructure property 'body' of '(intermediate value)(intermediate value)(intermediate value)' as it is undefined.
    at BotController.<anonymous> (/home/node/app/src/presentation/whatsapp/bot.controller.ts:83:19)
    at Generator.next (<anonymous>)
    at /home/node/app/src/presentation/whatsapp/bot.controller.ts:8:71
    at new Promise (<anonymous>)
    at __awaiter (/home/node/app/src/presentation/whatsapp/bot.controller.ts:4:12)
    at BotController.webhook (/home/node/app/src/presentation/whatsapp/bot.controller.ts:12:51)
    at Layer.handle [as handle_request] (/home/node/app/node_modules/express/lib/router/layer.js:95:5)
    at next (/home/node/app/node_modules/express/lib/router/route.js:149:13)
    at Route.dispatch (/home/node/app/node_modules/express/lib/router/route.js:119:3)
    at Layer.handle [as handle_request] (/home/node/app/node_modules/express/lib/router/layer.js:95:5)
2024-12-27T16:47:34.621Z error: TypeError: Cannot destructure property 'body' of '(intermediate value)(intermediate value)(intermediate value)' as it is undefined.
    at BotController.<anonymous> (/home/node/app/src/presentation/whatsapp/bot.controller.ts:83:19)
    at Generator.next (<anonymous>)
    at /home/node/app/src/presentation/whatsapp/bot.controller.ts:8:71
    at new Promise (<anonymous>)
    at __awaiter (/home/node/app/src/presentation/whatsapp/bot.controller.ts:4:12)
    at BotController.webhook (/home/node/app/src/presentation/whatsapp/bot.controller.ts:12:51)
    at Layer.handle [as handle_request] (/home/node/app/node_modules/express/lib/router/layer.js:95:5)
    at next (/home/node/app/node_modules/express/lib/router/route.js:149:13)
    at Route.dispatch (/home/node/app/node_modules/express/lib/router/route.js:119:3)
    at Layer.handle [as handle_request] (/home/node/app/node_modules/express/lib/router/layer.js:95:5)
2024-12-27T16:47:36.597Z error: TypeError: Cannot destructure property 'body' of '(intermediate value)(intermediate value)(intermediate value)' as it is undefined.
    at BotController.<anonymous> (/home/node/app/src/presentation/whatsapp/bot.controller.ts:83:19)
    at Generator.next (<anonymous>)
    at /home/node/app/src/presentation/whatsapp/bot.controller.ts:8:71
    at new Promise (<anonymous>)
    at __awaiter (/home/node/app/src/presentation/whatsapp/bot.controller.ts:4:12)
    at BotController.webhook (/home/node/app/src/presentation/whatsapp/bot.controller.ts:12:51)
    at Layer.handle [as handle_request] (/home/node/app/node_modules/express/lib/router/layer.js:95:5)
    at next (/home/node/app/node_modules/express/lib/router/route.js:149:13)
    at Route.dispatch (/home/node/app/node_modules/express/lib/router/route.js:119:3)
    at Layer.handle [as handle_request] (/home/node/app/node_modules/express/lib/router/layer.js:95:5)
2024-12-27T16:48:04.079Z error: TypeError: Cannot destructure property 'body' of '(intermediate value)(intermediate value)(intermediate value)' as it is undefined.
    at BotController.<anonymous> (/home/node/app/src/presentation/whatsapp/bot.controller.ts:83:19)
    at Generator.next (<anonymous>)
    at /home/node/app/src/presentation/whatsapp/bot.controller.ts:8:71
    at new Promise (<anonymous>)
    at __awaiter (/home/node/app/src/presentation/whatsapp/bot.controller.ts:4:12)
    at BotController.webhook (/home/node/app/src/presentation/whatsapp/bot.controller.ts:12:51)
    at Layer.handle [as handle_request] (/home/node/app/node_modules/express/lib/router/layer.js:95:5)
    at next (/home/node/app/node_modules/express/lib/router/route.js:149:13)
    at Route.dispatch (/home/node/app/node_modules/express/lib/router/route.js:119:3)
    at Layer.handle [as handle_request] (/home/node/app/node_modules/express/lib/router/layer.js:95:5)
2024-12-27T16:54:41.720Z error: TypeError: Cannot destructure property 'body' of '(intermediate value)(intermediate value)(intermediate value)' as it is undefined.
    at BotController.<anonymous> (/home/node/app/src/presentation/whatsapp/bot.controller.ts:83:19)
    at Generator.next (<anonymous>)
    at /home/node/app/src/presentation/whatsapp/bot.controller.ts:8:71
    at new Promise (<anonymous>)
    at __awaiter (/home/node/app/src/presentation/whatsapp/bot.controller.ts:4:12)
    at BotController.webhook (/home/node/app/src/presentation/whatsapp/bot.controller.ts:12:51)
    at Layer.handle [as handle_request] (/home/node/app/node_modules/express/lib/router/layer.js:95:5)
    at next (/home/node/app/node_modules/express/lib/router/route.js:149:13)
    at Route.dispatch (/home/node/app/node_modules/express/lib/router/route.js:119:3)
    at Layer.handle [as handle_request] (/home/node/app/node_modules/express/lib/router/layer.js:95:5)
2024-12-27T18:50:02.725Z error: TypeError: Cannot destructure property 'body' of '(intermediate value)(intermediate value)(intermediate value)' as it is undefined.
    at BotController.<anonymous> (/home/node/app/src/presentation/whatsapp/bot.controller.ts:83:19)
    at Generator.next (<anonymous>)
    at /home/node/app/src/presentation/whatsapp/bot.controller.ts:8:71
    at new Promise (<anonymous>)
    at __awaiter (/home/node/app/src/presentation/whatsapp/bot.controller.ts:4:12)
    at BotController.webhook (/home/node/app/src/presentation/whatsapp/bot.controller.ts:12:51)
    at Layer.handle [as handle_request] (/home/node/app/node_modules/express/lib/router/layer.js:95:5)
    at next (/home/node/app/node_modules/express/lib/router/route.js:149:13)
    at Route.dispatch (/home/node/app/node_modules/express/lib/router/route.js:119:3)
    at Layer.handle [as handle_request] (/home/node/app/node_modules/express/lib/router/layer.js:95:5)
2024-12-27T23:34:23.019Z error: TypeError: Cannot destructure property 'body' of '(intermediate value)(intermediate value)(intermediate value)' as it is undefined.
    at BotController.<anonymous> (/home/node/app/src/presentation/whatsapp/bot.controller.ts:45:17)
    at Generator.next (<anonymous>)
    at /home/node/app/src/presentation/whatsapp/bot.controller.ts:8:71
    at new Promise (<anonymous>)
    at __awaiter (/home/node/app/src/presentation/whatsapp/bot.controller.ts:4:12)
    at BotController.webhook (/home/node/app/src/presentation/whatsapp/bot.controller.ts:12:51)
    at Layer.handle [as handle_request] (/home/node/app/node_modules/express/lib/router/layer.js:95:5)
    at next (/home/node/app/node_modules/express/lib/router/route.js:149:13)
    at Route.dispatch (/home/node/app/node_modules/express/lib/router/route.js:119:3)
    at Layer.handle [as handle_request] (/home/node/app/node_modules/express/lib/router/layer.js:95:5)
2024-12-31T22:02:54.734Z error: Buenas Tardes
2025-01-03T22:13:02.511Z error: Hola:D no los conozco pero quería decirles feliz año nuevo
2025-01-04T21:52:33.457Z error: TypeError: Cannot destructure property 'body' of '(intermediate value)(intermediate value)(intermediate value)' as it is undefined.
    at BotController.<anonymous> (/home/node/app/src/presentation/whatsapp/bot.controller.ts:45:17)
    at Generator.next (<anonymous>)
    at /home/node/app/src/presentation/whatsapp/bot.controller.ts:8:71
    at new Promise (<anonymous>)
    at __awaiter (/home/node/app/src/presentation/whatsapp/bot.controller.ts:4:12)
    at BotController.webhook (/home/node/app/src/presentation/whatsapp/bot.controller.ts:12:51)
    at Layer.handle [as handle_request] (/home/node/app/node_modules/express/lib/router/layer.js:95:5)
    at next (/home/node/app/node_modules/express/lib/router/route.js:149:13)
    at Route.dispatch (/home/node/app/node_modules/express/lib/router/route.js:119:3)
    at Layer.handle [as handle_request] (/home/node/app/node_modules/express/lib/router/layer.js:95:5)
2025-01-04T21:53:18.027Z error: Buenas tardes envío soporte de pago
2025-01-07T20:21:22.682Z error: TypeError: Cannot destructure property 'body' of '(intermediate value)(intermediate value)(intermediate value)' as it is undefined.
    at BotController.<anonymous> (/home/node/app/src/presentation/whatsapp/bot.controller.ts:83:19)
    at Generator.next (<anonymous>)
    at /home/node/app/src/presentation/whatsapp/bot.controller.ts:8:71
    at new Promise (<anonymous>)
    at __awaiter (/home/node/app/src/presentation/whatsapp/bot.controller.ts:4:12)
    at BotController.webhook (/home/node/app/src/presentation/whatsapp/bot.controller.ts:12:51)
    at Layer.handle [as handle_request] (/home/node/app/node_modules/express/lib/router/layer.js:95:5)
    at next (/home/node/app/node_modules/express/lib/router/route.js:149:13)
    at Route.dispatch (/home/node/app/node_modules/express/lib/router/route.js:119:3)
    at Layer.handle [as handle_request] (/home/node/app/node_modules/express/lib/router/layer.js:95:5)
2025-01-07T22:37:35.014Z error: 4
2025-01-10T02:10:26.099Z error: TypeError: Cannot destructure property 'body' of '(intermediate value)(intermediate value)(intermediate value)' as it is undefined.
    at BotController.<anonymous> (/home/node/app/src/presentation/whatsapp/bot.controller.ts:45:17)
    at Generator.next (<anonymous>)
    at /home/node/app/src/presentation/whatsapp/bot.controller.ts:8:71
    at new Promise (<anonymous>)
    at __awaiter (/home/node/app/src/presentation/whatsapp/bot.controller.ts:4:12)
    at BotController.webhook (/home/node/app/src/presentation/whatsapp/bot.controller.ts:12:51)
    at Layer.handle [as handle_request] (/home/node/app/node_modules/express/lib/router/layer.js:95:5)
    at next (/home/node/app/node_modules/express/lib/router/route.js:149:13)
    at Route.dispatch (/home/node/app/node_modules/express/lib/router/route.js:119:3)
    at Layer.handle [as handle_request] (/home/node/app/node_modules/express/lib/router/layer.js:95:5)
2025-01-10T02:45:27.097Z error: TypeError: Cannot destructure property 'body' of '(intermediate value)(intermediate value)(intermediate value)' as it is undefined.
    at BotController.<anonymous> (/home/node/app/src/presentation/whatsapp/bot.controller.ts:45:17)
    at Generator.next (<anonymous>)
    at /home/node/app/src/presentation/whatsapp/bot.controller.ts:8:71
    at new Promise (<anonymous>)
    at __awaiter (/home/node/app/src/presentation/whatsapp/bot.controller.ts:4:12)
    at BotController.webhook (/home/node/app/src/presentation/whatsapp/bot.controller.ts:12:51)
    at Layer.handle [as handle_request] (/home/node/app/node_modules/express/lib/router/layer.js:95:5)
    at next (/home/node/app/node_modules/express/lib/router/route.js:149:13)
    at Route.dispatch (/home/node/app/node_modules/express/lib/router/route.js:119:3)
    at Layer.handle [as handle_request] (/home/node/app/node_modules/express/lib/router/layer.js:95:5)
2025-01-10T02:45:27.786Z error: TypeError: Cannot destructure property 'body' of '(intermediate value)(intermediate value)(intermediate value)' as it is undefined.
    at BotController.<anonymous> (/home/node/app/src/presentation/whatsapp/bot.controller.ts:45:17)
    at Generator.next (<anonymous>)
    at /home/node/app/src/presentation/whatsapp/bot.controller.ts:8:71
    at new Promise (<anonymous>)
    at __awaiter (/home/node/app/src/presentation/whatsapp/bot.controller.ts:4:12)
    at BotController.webhook (/home/node/app/src/presentation/whatsapp/bot.controller.ts:12:51)
    at Layer.handle [as handle_request] (/home/node/app/node_modules/express/lib/router/layer.js:95:5)
    at next (/home/node/app/node_modules/express/lib/router/route.js:149:13)
    at Route.dispatch (/home/node/app/node_modules/express/lib/router/route.js:119:3)
    at Layer.handle [as handle_request] (/home/node/app/node_modules/express/lib/router/layer.js:95:5)
2025-01-10T02:45:30.015Z error: TypeError: Cannot destructure property 'body' of '(intermediate value)(intermediate value)(intermediate value)' as it is undefined.
    at BotController.<anonymous> (/home/node/app/src/presentation/whatsapp/bot.controller.ts:45:17)
    at Generator.next (<anonymous>)
    at /home/node/app/src/presentation/whatsapp/bot.controller.ts:8:71
    at new Promise (<anonymous>)
    at __awaiter (/home/node/app/src/presentation/whatsapp/bot.controller.ts:4:12)
    at BotController.webhook (/home/node/app/src/presentation/whatsapp/bot.controller.ts:12:51)
    at Layer.handle [as handle_request] (/home/node/app/node_modules/express/lib/router/layer.js:95:5)
    at next (/home/node/app/node_modules/express/lib/router/route.js:149:13)
    at Route.dispatch (/home/node/app/node_modules/express/lib/router/route.js:119:3)
    at Layer.handle [as handle_request] (/home/node/app/node_modules/express/lib/router/layer.js:95:5)
2025-01-10T02:45:56.570Z error: TypeError: Cannot destructure property 'body' of '(intermediate value)(intermediate value)(intermediate value)' as it is undefined.
    at BotController.<anonymous> (/home/node/app/src/presentation/whatsapp/bot.controller.ts:45:17)
    at Generator.next (<anonymous>)
    at /home/node/app/src/presentation/whatsapp/bot.controller.ts:8:71
    at new Promise (<anonymous>)
    at __awaiter (/home/node/app/src/presentation/whatsapp/bot.controller.ts:4:12)
    at BotController.webhook (/home/node/app/src/presentation/whatsapp/bot.controller.ts:12:51)
    at Layer.handle [as handle_request] (/home/node/app/node_modules/express/lib/router/layer.js:95:5)
    at next (/home/node/app/node_modules/express/lib/router/route.js:149:13)
    at Route.dispatch (/home/node/app/node_modules/express/lib/router/route.js:119:3)
    at Layer.handle [as handle_request] (/home/node/app/node_modules/express/lib/router/layer.js:95:5)
2025-01-10T02:52:18.542Z error: TypeError: Cannot destructure property 'body' of '(intermediate value)(intermediate value)(intermediate value)' as it is undefined.
    at BotController.<anonymous> (/home/node/app/src/presentation/whatsapp/bot.controller.ts:45:17)
    at Generator.next (<anonymous>)
    at /home/node/app/src/presentation/whatsapp/bot.controller.ts:8:71
    at new Promise (<anonymous>)
    at __awaiter (/home/node/app/src/presentation/whatsapp/bot.controller.ts:4:12)
    at BotController.webhook (/home/node/app/src/presentation/whatsapp/bot.controller.ts:12:51)
    at Layer.handle [as handle_request] (/home/node/app/node_modules/express/lib/router/layer.js:95:5)
    at next (/home/node/app/node_modules/express/lib/router/route.js:149:13)
    at Route.dispatch (/home/node/app/node_modules/express/lib/router/route.js:119:3)
    at Layer.handle [as handle_request] (/home/node/app/node_modules/express/lib/router/layer.js:95:5)
2025-01-10T03:38:00.049Z error: TypeError: Cannot destructure property 'body' of '(intermediate value)(intermediate value)(intermediate value)' as it is undefined.
    at BotController.<anonymous> (/home/node/app/src/presentation/whatsapp/bot.controller.ts:45:17)
    at Generator.next (<anonymous>)
    at /home/node/app/src/presentation/whatsapp/bot.controller.ts:8:71
    at new Promise (<anonymous>)
    at __awaiter (/home/node/app/src/presentation/whatsapp/bot.controller.ts:4:12)
    at BotController.webhook (/home/node/app/src/presentation/whatsapp/bot.controller.ts:12:51)
    at Layer.handle [as handle_request] (/home/node/app/node_modules/express/lib/router/layer.js:95:5)
    at next (/home/node/app/node_modules/express/lib/router/route.js:149:13)
    at Route.dispatch (/home/node/app/node_modules/express/lib/router/route.js:119:3)
    at Layer.handle [as handle_request] (/home/node/app/node_modules/express/lib/router/layer.js:95:5)
2025-01-10T04:35:04.794Z error: TypeError: Cannot destructure property 'body' of '(intermediate value)(intermediate value)(intermediate value)' as it is undefined.
    at BotController.<anonymous> (/home/node/app/src/presentation/whatsapp/bot.controller.ts:45:17)
    at Generator.next (<anonymous>)
    at /home/node/app/src/presentation/whatsapp/bot.controller.ts:8:71
    at new Promise (<anonymous>)
    at __awaiter (/home/node/app/src/presentation/whatsapp/bot.controller.ts:4:12)
    at BotController.webhook (/home/node/app/src/presentation/whatsapp/bot.controller.ts:12:51)
    at Layer.handle [as handle_request] (/home/node/app/node_modules/express/lib/router/layer.js:95:5)
    at next (/home/node/app/node_modules/express/lib/router/route.js:149:13)
    at Route.dispatch (/home/node/app/node_modules/express/lib/router/route.js:119:3)
    at Layer.handle [as handle_request] (/home/node/app/node_modules/express/lib/router/layer.js:95:5)
2025-01-10T22:12:26.754Z error: TypeError: Cannot destructure property 'body' of '(intermediate value)(intermediate value)(intermediate value)' as it is undefined.
    at BotController.<anonymous> (/home/node/app/src/presentation/whatsapp/bot.controller.ts:45:17)
    at Generator.next (<anonymous>)
    at /home/node/app/src/presentation/whatsapp/bot.controller.ts:8:71
    at new Promise (<anonymous>)
    at __awaiter (/home/node/app/src/presentation/whatsapp/bot.controller.ts:4:12)
    at BotController.webhook (/home/node/app/src/presentation/whatsapp/bot.controller.ts:12:51)
    at Layer.handle [as handle_request] (/home/node/app/node_modules/express/lib/router/layer.js:95:5)
    at next (/home/node/app/node_modules/express/lib/router/route.js:149:13)
    at Route.dispatch (/home/node/app/node_modules/express/lib/router/route.js:119:3)
    at Layer.handle [as handle_request] (/home/node/app/node_modules/express/lib/router/layer.js:95:5)
2025-01-10T22:29:22.173Z error: TypeError: Cannot destructure property 'body' of '(intermediate value)(intermediate value)(intermediate value)' as it is undefined.
    at BotController.<anonymous> (/home/node/app/src/presentation/whatsapp/bot.controller.ts:45:17)
    at Generator.next (<anonymous>)
    at /home/node/app/src/presentation/whatsapp/bot.controller.ts:8:71
    at new Promise (<anonymous>)
    at __awaiter (/home/node/app/src/presentation/whatsapp/bot.controller.ts:4:12)
    at BotController.webhook (/home/node/app/src/presentation/whatsapp/bot.controller.ts:12:51)
    at Layer.handle [as handle_request] (/home/node/app/node_modules/express/lib/router/layer.js:95:5)
    at next (/home/node/app/node_modules/express/lib/router/route.js:149:13)
    at Route.dispatch (/home/node/app/node_modules/express/lib/router/route.js:119:3)
    at Layer.handle [as handle_request] (/home/node/app/node_modules/express/lib/router/layer.js:95:5)
2025-01-10T22:34:32.778Z error: TypeError: Cannot destructure property 'body' of '(intermediate value)(intermediate value)(intermediate value)' as it is undefined.
    at BotController.<anonymous> (/home/node/app/src/presentation/whatsapp/bot.controller.ts:45:17)
    at Generator.next (<anonymous>)
    at /home/node/app/src/presentation/whatsapp/bot.controller.ts:8:71
    at new Promise (<anonymous>)
    at __awaiter (/home/node/app/src/presentation/whatsapp/bot.controller.ts:4:12)
    at BotController.webhook (/home/node/app/src/presentation/whatsapp/bot.controller.ts:12:51)
    at Layer.handle [as handle_request] (/home/node/app/node_modules/express/lib/router/layer.js:95:5)
    at next (/home/node/app/node_modules/express/lib/router/route.js:149:13)
    at Route.dispatch (/home/node/app/node_modules/express/lib/router/route.js:119:3)
    at Layer.handle [as handle_request] (/home/node/app/node_modules/express/lib/router/layer.js:95:5)
2025-01-11T15:52:35.343Z error: TypeError: Cannot destructure property 'body' of '(intermediate value)(intermediate value)(intermediate value)' as it is undefined.
    at BotController.<anonymous> (/home/node/app/src/presentation/whatsapp/bot.controller.ts:83:19)
    at Generator.next (<anonymous>)
    at /home/node/app/src/presentation/whatsapp/bot.controller.ts:8:71
    at new Promise (<anonymous>)
    at __awaiter (/home/node/app/src/presentation/whatsapp/bot.controller.ts:4:12)
    at BotController.webhook (/home/node/app/src/presentation/whatsapp/bot.controller.ts:12:51)
    at Layer.handle [as handle_request] (/home/node/app/node_modules/express/lib/router/layer.js:95:5)
    at next (/home/node/app/node_modules/express/lib/router/route.js:149:13)
    at Route.dispatch (/home/node/app/node_modules/express/lib/router/route.js:119:3)
    at Layer.handle [as handle_request] (/home/node/app/node_modules/express/lib/router/layer.js:95:5)
2025-01-11T15:52:36.042Z error: TypeError: Cannot destructure property 'body' of '(intermediate value)(intermediate value)(intermediate value)' as it is undefined.
    at BotController.<anonymous> (/home/node/app/src/presentation/whatsapp/bot.controller.ts:83:19)
    at Generator.next (<anonymous>)
    at /home/node/app/src/presentation/whatsapp/bot.controller.ts:8:71
    at new Promise (<anonymous>)
    at __awaiter (/home/node/app/src/presentation/whatsapp/bot.controller.ts:4:12)
    at BotController.webhook (/home/node/app/src/presentation/whatsapp/bot.controller.ts:12:51)
    at Layer.handle [as handle_request] (/home/node/app/node_modules/express/lib/router/layer.js:95:5)
    at next (/home/node/app/node_modules/express/lib/router/route.js:149:13)
    at Route.dispatch (/home/node/app/node_modules/express/lib/router/route.js:119:3)
    at Layer.handle [as handle_request] (/home/node/app/node_modules/express/lib/router/layer.js:95:5)
2025-01-11T17:37:48.906Z error: TypeError: Cannot destructure property 'body' of '(intermediate value)(intermediate value)(intermediate value)' as it is undefined.
    at BotController.<anonymous> (/home/node/app/src/presentation/whatsapp/bot.controller.ts:83:19)
    at Generator.next (<anonymous>)
    at /home/node/app/src/presentation/whatsapp/bot.controller.ts:8:71
    at new Promise (<anonymous>)
    at __awaiter (/home/node/app/src/presentation/whatsapp/bot.controller.ts:4:12)
    at BotController.webhook (/home/node/app/src/presentation/whatsapp/bot.controller.ts:12:51)
    at Layer.handle [as handle_request] (/home/node/app/node_modules/express/lib/router/layer.js:95:5)
    at next (/home/node/app/node_modules/express/lib/router/route.js:149:13)
    at Route.dispatch (/home/node/app/node_modules/express/lib/router/route.js:119:3)
    at Layer.handle [as handle_request] (/home/node/app/node_modules/express/lib/router/layer.js:95:5)
2025-01-11T21:17:38.481Z error: TypeError: Cannot destructure property 'body' of '(intermediate value)(intermediate value)(intermediate value)' as it is undefined.
    at BotController.<anonymous> (/home/node/app/src/presentation/whatsapp/bot.controller.ts:45:17)
    at Generator.next (<anonymous>)
    at /home/node/app/src/presentation/whatsapp/bot.controller.ts:8:71
    at new Promise (<anonymous>)
    at __awaiter (/home/node/app/src/presentation/whatsapp/bot.controller.ts:4:12)
    at BotController.webhook (/home/node/app/src/presentation/whatsapp/bot.controller.ts:12:51)
    at Layer.handle [as handle_request] (/home/node/app/node_modules/express/lib/router/layer.js:95:5)
    at next (/home/node/app/node_modules/express/lib/router/route.js:149:13)
    at Route.dispatch (/home/node/app/node_modules/express/lib/router/route.js:119:3)
    at Layer.handle [as handle_request] (/home/node/app/node_modules/express/lib/router/layer.js:95:5)
2025-01-14T15:28:27.602Z error: TypeError: Cannot destructure property 'body' of '(intermediate value)(intermediate value)(intermediate value)' as it is undefined.
    at BotController.<anonymous> (/home/node/app/src/presentation/whatsapp/bot.controller.ts:83:19)
    at Generator.next (<anonymous>)
    at /home/node/app/src/presentation/whatsapp/bot.controller.ts:8:71
    at new Promise (<anonymous>)
    at __awaiter (/home/node/app/src/presentation/whatsapp/bot.controller.ts:4:12)
    at BotController.webhook (/home/node/app/src/presentation/whatsapp/bot.controller.ts:12:51)
    at Layer.handle [as handle_request] (/home/node/app/node_modules/express/lib/router/layer.js:95:5)
    at next (/home/node/app/node_modules/express/lib/router/route.js:149:13)
    at Route.dispatch (/home/node/app/node_modules/express/lib/router/route.js:119:3)
    at Layer.handle [as handle_request] (/home/node/app/node_modules/express/lib/router/layer.js:95:5)
2025-01-14T17:23:43.924Z error: TypeError: Cannot destructure property 'body' of '(intermediate value)(intermediate value)(intermediate value)' as it is undefined.
    at BotController.<anonymous> (/home/node/app/src/presentation/whatsapp/bot.controller.ts:83:19)
    at Generator.next (<anonymous>)
    at /home/node/app/src/presentation/whatsapp/bot.controller.ts:8:71
    at new Promise (<anonymous>)
    at __awaiter (/home/node/app/src/presentation/whatsapp/bot.controller.ts:4:12)
    at BotController.webhook (/home/node/app/src/presentation/whatsapp/bot.controller.ts:12:51)
    at Layer.handle [as handle_request] (/home/node/app/node_modules/express/lib/router/layer.js:95:5)
    at next (/home/node/app/node_modules/express/lib/router/route.js:149:13)
    at Route.dispatch (/home/node/app/node_modules/express/lib/router/route.js:119:3)
    at Layer.handle [as handle_request] (/home/node/app/node_modules/express/lib/router/layer.js:95:5)
2025-01-14T20:16:40.080Z error: TypeError: Cannot destructure property 'body' of '(intermediate value)(intermediate value)(intermediate value)' as it is undefined.
    at BotController.<anonymous> (/home/node/app/src/presentation/whatsapp/bot.controller.ts:83:19)
    at Generator.next (<anonymous>)
    at /home/node/app/src/presentation/whatsapp/bot.controller.ts:8:71
    at new Promise (<anonymous>)
    at __awaiter (/home/node/app/src/presentation/whatsapp/bot.controller.ts:4:12)
    at BotController.webhook (/home/node/app/src/presentation/whatsapp/bot.controller.ts:12:51)
    at Layer.handle [as handle_request] (/home/node/app/node_modules/express/lib/router/layer.js:95:5)
    at next (/home/node/app/node_modules/express/lib/router/route.js:149:13)
    at Route.dispatch (/home/node/app/node_modules/express/lib/router/route.js:119:3)
    at Layer.handle [as handle_request] (/home/node/app/node_modules/express/lib/router/layer.js:95:5)
2025-01-14T20:16:40.566Z error: TypeError: Cannot destructure property 'body' of '(intermediate value)(intermediate value)(intermediate value)' as it is undefined.
    at BotController.<anonymous> (/home/node/app/src/presentation/whatsapp/bot.controller.ts:83:19)
    at Generator.next (<anonymous>)
    at /home/node/app/src/presentation/whatsapp/bot.controller.ts:8:71
    at new Promise (<anonymous>)
    at __awaiter (/home/node/app/src/presentation/whatsapp/bot.controller.ts:4:12)
    at BotController.webhook (/home/node/app/src/presentation/whatsapp/bot.controller.ts:12:51)
    at Layer.handle [as handle_request] (/home/node/app/node_modules/express/lib/router/layer.js:95:5)
    at next (/home/node/app/node_modules/express/lib/router/route.js:149:13)
    at Route.dispatch (/home/node/app/node_modules/express/lib/router/route.js:119:3)
    at Layer.handle [as handle_request] (/home/node/app/node_modules/express/lib/router/layer.js:95:5)
2025-01-14T20:16:42.455Z error: TypeError: Cannot destructure property 'body' of '(intermediate value)(intermediate value)(intermediate value)' as it is undefined.
    at BotController.<anonymous> (/home/node/app/src/presentation/whatsapp/bot.controller.ts:83:19)
    at Generator.next (<anonymous>)
    at /home/node/app/src/presentation/whatsapp/bot.controller.ts:8:71
    at new Promise (<anonymous>)
    at __awaiter (/home/node/app/src/presentation/whatsapp/bot.controller.ts:4:12)
    at BotController.webhook (/home/node/app/src/presentation/whatsapp/bot.controller.ts:12:51)
    at Layer.handle [as handle_request] (/home/node/app/node_modules/express/lib/router/layer.js:95:5)
    at next (/home/node/app/node_modules/express/lib/router/route.js:149:13)
    at Route.dispatch (/home/node/app/node_modules/express/lib/router/route.js:119:3)
    at Layer.handle [as handle_request] (/home/node/app/node_modules/express/lib/router/layer.js:95:5)
2025-01-14T20:17:05.240Z error: TypeError: Cannot destructure property 'body' of '(intermediate value)(intermediate value)(intermediate value)' as it is undefined.
    at BotController.<anonymous> (/home/node/app/src/presentation/whatsapp/bot.controller.ts:83:19)
    at Generator.next (<anonymous>)
    at /home/node/app/src/presentation/whatsapp/bot.controller.ts:8:71
    at new Promise (<anonymous>)
    at __awaiter (/home/node/app/src/presentation/whatsapp/bot.controller.ts:4:12)
    at BotController.webhook (/home/node/app/src/presentation/whatsapp/bot.controller.ts:12:51)
    at Layer.handle [as handle_request] (/home/node/app/node_modules/express/lib/router/layer.js:95:5)
    at next (/home/node/app/node_modules/express/lib/router/route.js:149:13)
    at Route.dispatch (/home/node/app/node_modules/express/lib/router/route.js:119:3)
    at Layer.handle [as handle_request] (/home/node/app/node_modules/express/lib/router/layer.js:95:5)
2025-01-15T03:20:33.612Z error: TypeError: Cannot destructure property 'body' of '(intermediate value)(intermediate value)(intermediate value)' as it is undefined.
    at BotController.<anonymous> (/home/node/app/src/presentation/whatsapp/bot.controller.ts:45:17)
    at Generator.next (<anonymous>)
    at /home/node/app/src/presentation/whatsapp/bot.controller.ts:8:71
    at new Promise (<anonymous>)
    at __awaiter (/home/node/app/src/presentation/whatsapp/bot.controller.ts:4:12)
    at BotController.webhook (/home/node/app/src/presentation/whatsapp/bot.controller.ts:12:51)
    at Layer.handle [as handle_request] (/home/node/app/node_modules/express/lib/router/layer.js:95:5)
    at next (/home/node/app/node_modules/express/lib/router/route.js:149:13)
    at Route.dispatch (/home/node/app/node_modules/express/lib/router/route.js:119:3)
    at Layer.handle [as handle_request] (/home/node/app/node_modules/express/lib/router/layer.js:95:5)
2025-01-15T14:55:37.113Z error: TypeError: Cannot destructure property 'body' of '(intermediate value)(intermediate value)(intermediate value)' as it is undefined.
    at BotController.<anonymous> (/home/node/app/src/presentation/whatsapp/bot.controller.ts:83:19)
    at Generator.next (<anonymous>)
    at /home/node/app/src/presentation/whatsapp/bot.controller.ts:8:71
    at new Promise (<anonymous>)
    at __awaiter (/home/node/app/src/presentation/whatsapp/bot.controller.ts:4:12)
    at BotController.webhook (/home/node/app/src/presentation/whatsapp/bot.controller.ts:12:51)
    at Layer.handle [as handle_request] (/home/node/app/node_modules/express/lib/router/layer.js:95:5)
    at next (/home/node/app/node_modules/express/lib/router/route.js:149:13)
    at Route.dispatch (/home/node/app/node_modules/express/lib/router/route.js:119:3)
    at Layer.handle [as handle_request] (/home/node/app/node_modules/express/lib/router/layer.js:95:5)
